This file contains any messages produced by compilers while
running configure, to aid debugging if configure makes a mistake.

It was created by jansson configure 2.5, which was
generated by GNU Autoconf 2.69.  Invocation command line was

  $ ./configure --disable-option-checking --prefix=/usr/x86_64-w64-mingw32 --host=x86_64-w64-mingw32 --disable-adl-checks --disable-git-version host_alias=x86_64-w64-mingw32 LDFLAGS=-L/home/developer/win32/lib -lcurl CPPFLAGS=-I/home/developer/win32/include --cache-file=/dev/null --srcdir=.

## --------- ##
## Platform. ##
## --------- ##

hostname = ubuntu
uname -m = x86_64
uname -r = 4.4.0-210-generic
uname -s = Linux
uname -v = #242-Ubuntu SMP Fri Apr 16 09:57:56 UTC 2021

/usr/bin/uname -p = unknown
/bin/uname -X     = unknown

/bin/arch              = unknown
/usr/bin/arch -k       = unknown
/usr/convex/getsysinfo = unknown
/usr/bin/hostinfo      = unknown
/bin/machine           = unknown
/usr/bin/oslevel       = unknown
/bin/universe          = unknown

PATH: /home/developer/bin
PATH: /home/developer/.local/bin
PATH: /usr/local/sbin
PATH: /usr/local/bin
PATH: /usr/sbin
PATH: /usr/bin
PATH: /sbin
PATH: /bin
PATH: /usr/games
PATH: /usr/local/games
PATH: /snap/bin


## ----------- ##
## Core tests. ##
## ----------- ##

configure:2354: checking for a BSD-compatible install
configure:2422: result: /usr/bin/install -c
configure:2433: checking whether build environment is sane
configure:2488: result: yes
configure:2547: checking for x86_64-w64-mingw32-strip
configure:2563: found /usr/bin/x86_64-w64-mingw32-strip
configure:2574: result: x86_64-w64-mingw32-strip
configure:2639: checking for a thread-safe mkdir -p
configure:2678: result: /bin/mkdir -p
configure:2685: checking for gawk
configure:2701: found /usr/bin/gawk
configure:2712: result: gawk
configure:2723: checking whether make sets $(MAKE)
configure:2745: result: yes
configure:2774: checking whether make supports nested variables
configure:2791: result: yes
configure:2928: checking whether make supports nested variables
configure:2945: result: yes
configure:2970: checking for x86_64-w64-mingw32-gcc
configure:2986: found /usr/bin/x86_64-w64-mingw32-gcc
configure:2997: result: x86_64-w64-mingw32-gcc
configure:3266: checking for C compiler version
configure:3275: x86_64-w64-mingw32-gcc --version >&5
x86_64-w64-mingw32-gcc (GCC) 5.3.1 20160211
Copyright (C) 2015 Free Software Foundation, Inc.
This is free software; see the source for copying conditions.  There is NO
warranty; not even for MERCHANTABILITY or FITNESS FOR A PARTICULAR PURPOSE.

configure:3286: $? = 0
configure:3275: x86_64-w64-mingw32-gcc -v >&5
Using built-in specs.
COLLECT_GCC=x86_64-w64-mingw32-gcc
COLLECT_LTO_WRAPPER=/usr/lib/gcc/x86_64-w64-mingw32/5.3-posix/lto-wrapper
Target: x86_64-w64-mingw32
Configured with: ../../src/configure --build=x86_64-linux-gnu --prefix=/usr --includedir='/usr/include' --mandir='/usr/share/man' --infodir='/usr/share/info' --sysconfdir=/etc --localstatedir=/var --disable-silent-rules --libexecdir='/usr/lib/gcc-mingw-w64' --disable-maintainer-mode --disable-dependency-tracking --prefix=/usr --enable-shared --enable-static --disable-multilib --with-system-zlib --libexecdir=/usr/lib --without-included-gettext --libdir=/usr/lib --enable-libstdcxx-time=yes --with-tune=generic --enable-version-specific-runtime-libs --enable-fully-dynamic-string --enable-libgomp --enable-languages=c,c++,fortran,objc,obj-c++ --enable-lto --with-plugin-ld --enable-threads=posix --program-suffix=-posix --program-prefix=x86_64-w64-mingw32- --target=x86_64-w64-mingw32 --with-as=/usr/bin/x86_64-w64-mingw32-as --with-ld=/usr/bin/x86_64-w64-mingw32-ld --disable-libatomic
Thread model: posix
gcc version 5.3.1 20160211 (GCC) 
configure:3286: $? = 0
configure:3275: x86_64-w64-mingw32-gcc -V >&5
x86_64-w64-mingw32-gcc: error: unrecognized command line option '-V'
x86_64-w64-mingw32-gcc: fatal error: no input files
compilation terminated.
configure:3286: $? = 1
configure:3275: x86_64-w64-mingw32-gcc -qversion >&5
x86_64-w64-mingw32-gcc: error: unrecognized command line option '-qversion'
x86_64-w64-mingw32-gcc: fatal error: no input files
compilation terminated.
configure:3286: $? = 1
configure:3306: checking whether the C compiler works
configure:3328: x86_64-w64-mingw32-gcc  -I/home/developer/win32/include -L/home/developer/win32/lib -lcurl conftest.c  >&5
configure:3332: $? = 0
configure:3380: result: yes
configure:3383: checking for C compiler default output file name
configure:3385: result: a.exe
configure:3391: checking for suffix of executables
configure:3398: x86_64-w64-mingw32-gcc -o conftest.exe  -I/home/developer/win32/include -L/home/developer/win32/lib -lcurl conftest.c  >&5
configure:3402: $? = 0
configure:3424: result: .exe
configure:3446: checking whether we are cross compiling
configure:3454: x86_64-w64-mingw32-gcc -o conftest.exe  -I/home/developer/win32/include -L/home/developer/win32/lib -lcurl conftest.c  >&5
configure:3458: $? = 0
configure:3465: ./conftest.exe
./configure: line 3467: ./conftest.exe: cannot execute binary file: Exec format error
configure:3469: $? = 126
configure:3484: result: yes
configure:3489: checking for suffix of object files
configure:3511: x86_64-w64-mingw32-gcc -c  -I/home/developer/win32/include conftest.c >&5
configure:3515: $? = 0
configure:3536: result: o
configure:3540: checking whether we are using the GNU C compiler
configure:3559: x86_64-w64-mingw32-gcc -c  -I/home/developer/win32/include conftest.c >&5
configure:3559: $? = 0
configure:3568: result: yes
configure:3577: checking whether x86_64-w64-mingw32-gcc accepts -g
configure:3597: x86_64-w64-mingw32-gcc -c -g -I/home/developer/win32/include conftest.c >&5
configure:3597: $? = 0
configure:3638: result: yes
configure:3655: checking for x86_64-w64-mingw32-gcc option to accept ISO C89
configure:3718: x86_64-w64-mingw32-gcc  -c -g -O2 -I/home/developer/win32/include conftest.c >&5
configure:3718: $? = 0
configure:3731: result: none needed
configure:3756: checking whether x86_64-w64-mingw32-gcc understands -c and -o together
configure:3778: x86_64-w64-mingw32-gcc -c conftest.c -o conftest2.o
configure:3781: $? = 0
configure:3778: x86_64-w64-mingw32-gcc -c conftest.c -o conftest2.o
configure:3781: $? = 0
configure:3793: result: yes
configure:3821: checking for style of include used by make
configure:3849: result: GNU
configure:3875: checking dependency style of x86_64-w64-mingw32-gcc
configure:3986: result: gcc3
configure:4030: checking build system type
configure:4044: result: x86_64-pc-linux-gnu
configure:4064: checking host system type
configure:4077: result: x86_64-w64-mingw32
configure:4118: checking how to print strings
configure:4145: result: printf
configure:4166: checking for a sed that does not truncate output
configure:4230: result: /bin/sed
configure:4248: checking for grep that handles long lines and -e
configure:4306: result: /bin/grep
configure:4311: checking for egrep
configure:4373: result: /bin/grep -E
configure:4378: checking for fgrep
configure:4440: result: /bin/grep -F
configure:4475: checking for ld used by x86_64-w64-mingw32-gcc
configure:4542: result: /usr/bin/x86_64-w64-mingw32-ld
configure:4549: checking if the linker (/usr/bin/x86_64-w64-mingw32-ld) is GNU ld
configure:4564: result: yes
configure:4576: checking for BSD- or MS-compatible name lister (nm)
configure:4630: result: /usr/bin/x86_64-w64-mingw32-nm -B
configure:4760: checking the name lister (/usr/bin/x86_64-w64-mingw32-nm -B) interface
configure:4767: x86_64-w64-mingw32-gcc -c -g -O2 -I/home/developer/win32/include conftest.c >&5
configure:4770: /usr/bin/x86_64-w64-mingw32-nm -B "conftest.o"
configure:4773: output
0000000000000000 b .bss
0000000000000000 d .data
0000000000000000 N .debug_abbrev
0000000000000000 N .debug_aranges
0000000000000000 N .debug_info
0000000000000000 N .debug_line
0000000000000000 r .rdata$zzz
0000000000000000 t .text
0000000000000000 B some_variable
configure:4780: result: BSD nm
configure:4783: checking whether ln -s works
configure:4787: result: yes
configure:4795: checking the maximum length of command line arguments
configure:4926: result: 1572864
configure:4974: checking how to convert x86_64-pc-linux-gnu file names to x86_64-w64-mingw32 format
configure:5014: result: func_convert_file_nix_to_w32
configure:5021: checking how to convert x86_64-pc-linux-gnu file names to toolchain format
configure:5041: result: func_convert_file_noop
configure:5048: checking for /usr/bin/x86_64-w64-mingw32-ld option to reload object files
configure:5055: result: -r
configure:5089: checking for x86_64-w64-mingw32-objdump
configure:5105: found /usr/bin/x86_64-w64-mingw32-objdump
configure:5116: result: x86_64-w64-mingw32-objdump
configure:5188: checking how to recognize dependent libraries
configure:5388: result: file_magic ^x86 archive import|^x86 DLL
configure:5433: checking for x86_64-w64-mingw32-dlltool
configure:5449: found /usr/bin/x86_64-w64-mingw32-dlltool
configure:5460: result: x86_64-w64-mingw32-dlltool
configure:5533: checking how to associate runtime and link libraries
configure:5560: result: func_cygming_dll_for_implib
configure:5577: checking for x86_64-w64-mingw32-ar
configure:5593: found /usr/bin/x86_64-w64-mingw32-ar
configure:5604: result: x86_64-w64-mingw32-ar
configure:5685: checking for archiver @FILE support
configure:5702: x86_64-w64-mingw32-gcc -c -g -O2 -I/home/developer/win32/include conftest.c >&5
configure:5702: $? = 0
configure:5705: x86_64-w64-mingw32-ar cru libconftest.a @conftest.lst >&5
x86_64-w64-mingw32-ar: `u' modifier ignored since `D' is the default (see `U')
configure:5708: $? = 0
configure:5713: x86_64-w64-mingw32-ar cru libconftest.a @conftest.lst >&5
x86_64-w64-mingw32-ar: `u' modifier ignored since `D' is the default (see `U')
x86_64-w64-mingw32-ar: conftest.o: No such file or directory
configure:5716: $? = 1
configure:5728: result: @
configure:5746: checking for x86_64-w64-mingw32-strip
configure:5773: result: x86_64-w64-mingw32-strip
configure:5845: checking for x86_64-w64-mingw32-ranlib
configure:5861: found /usr/bin/x86_64-w64-mingw32-ranlib
configure:5872: result: x86_64-w64-mingw32-ranlib
configure:6014: checking command to parse /usr/bin/x86_64-w64-mingw32-nm -B output from x86_64-w64-mingw32-gcc object
configure:6167: x86_64-w64-mingw32-gcc -c -g -O2 -I/home/developer/win32/include conftest.c >&5
configure:6170: $? = 0
configure:6174: /usr/bin/x86_64-w64-mingw32-nm -B conftest.o \| sed -n -e 's/^.*[ ]\([ABCDGIRSTW][ABCDGIRSTW]*\)[ ][ ]*\([_A-Za-z][_A-Za-z0-9]*\)$/\1 \2 \2/p' | sed '/ __gnu_lto/d' \> conftest.nm
configure:6177: $? = 0
configure:6243: x86_64-w64-mingw32-gcc -o conftest.exe -g -O2 -I/home/developer/win32/include -L/home/developer/win32/lib -lcurl conftest.c conftstm.o >&5
configure:6246: $? = 0
configure:6284: result: ok
configure:6331: checking for sysroot
configure:6361: result: no
configure:6368: checking for a working dd
configure:6406: result: /bin/dd
configure:6410: checking how to truncate binary pipes
configure:6425: result: /bin/dd bs=4096 count=1
configure:6714: checking for x86_64-w64-mingw32-mt
configure:6744: result: no
configure:6754: checking for mt
configure:6770: found /bin/mt
configure:6781: result: mt
configure:6793: WARNING: using cross tools not prefixed with host triplet
configure:6804: checking if mt is a manifest tool
configure:6810: mt '-?'
configure:6818: result: no
configure:7495: checking how to run the C preprocessor
configure:7526: x86_64-w64-mingw32-gcc -E -I/home/developer/win32/include conftest.c
configure:7526: $? = 0
configure:7540: x86_64-w64-mingw32-gcc -E -I/home/developer/win32/include conftest.c
conftest.c:11:28: fatal error: ac_nonexistent.h: No such file or directory
compilation terminated.
configure:7540: $? = 1
configure: failed program was:
| /* confdefs.h */
| #define PACKAGE_NAME "jansson"
| #define PACKAGE_TARNAME "jansson"
| #define PACKAGE_VERSION "2.5"
| #define PACKAGE_STRING "jansson 2.5"
| #define PACKAGE_BUGREPORT "petri@digip.org"
| #define PACKAGE_URL ""
| #define PACKAGE "jansson"
| #define VERSION "2.5"
| /* end confdefs.h.  */
| #include <ac_nonexistent.h>
configure:7565: result: x86_64-w64-mingw32-gcc -E
configure:7585: x86_64-w64-mingw32-gcc -E -I/home/developer/win32/include conftest.c
configure:7585: $? = 0
configure:7599: x86_64-w64-mingw32-gcc -E -I/home/developer/win32/include conftest.c
conftest.c:11:28: fatal error: ac_nonexistent.h: No such file or directory
compilation terminated.
configure:7599: $? = 1
configure: failed program was:
| /* confdefs.h */
| #define PACKAGE_NAME "jansson"
| #define PACKAGE_TARNAME "jansson"
| #define PACKAGE_VERSION "2.5"
| #define PACKAGE_STRING "jansson 2.5"
| #define PACKAGE_BUGREPORT "petri@digip.org"
| #define PACKAGE_URL ""
| #define PACKAGE "jansson"
| #define VERSION "2.5"
| /* end confdefs.h.  */
| #include <ac_nonexistent.h>
configure:7628: checking for ANSI C header files
configure:7648: x86_64-w64-mingw32-gcc -c -g -O2 -I/home/developer/win32/include conftest.c >&5
configure:7648: $? = 0
configure:7732: result: yes
configure:7745: checking for sys/types.h
configure:7745: x86_64-w64-mingw32-gcc -c -g -O2 -I/home/developer/win32/include conftest.c >&5
configure:7745: $? = 0
configure:7745: result: yes
configure:7745: checking for sys/stat.h
configure:7745: x86_64-w64-mingw32-gcc -c -g -O2 -I/home/developer/win32/include conftest.c >&5
configure:7745: $? = 0
configure:7745: result: yes
configure:7745: checking for stdlib.h
configure:7745: x86_64-w64-mingw32-gcc -c -g -O2 -I/home/developer/win32/include conftest.c >&5
configure:7745: $? = 0
configure:7745: result: yes
configure:7745: checking for string.h
configure:7745: x86_64-w64-mingw32-gcc -c -g -O2 -I/home/developer/win32/include conftest.c >&5
configure:7745: $? = 0
configure:7745: result: yes
configure:7745: checking for memory.h
configure:7745: x86_64-w64-mingw32-gcc -c -g -O2 -I/home/developer/win32/include conftest.c >&5
configure:7745: $? = 0
configure:7745: result: yes
configure:7745: checking for strings.h
configure:7745: x86_64-w64-mingw32-gcc -c -g -O2 -I/home/developer/win32/include conftest.c >&5
configure:7745: $? = 0
configure:7745: result: yes
configure:7745: checking for inttypes.h
configure:7745: x86_64-w64-mingw32-gcc -c -g -O2 -I/home/developer/win32/include conftest.c >&5
configure:7745: $? = 0
configure:7745: result: yes
configure:7745: checking for stdint.h
configure:7745: x86_64-w64-mingw32-gcc -c -g -O2 -I/home/developer/win32/include conftest.c >&5
configure:7745: $? = 0
configure:7745: result: yes
configure:7745: checking for unistd.h
configure:7745: x86_64-w64-mingw32-gcc -c -g -O2 -I/home/developer/win32/include conftest.c >&5
configure:7745: $? = 0
configure:7745: result: yes
configure:7759: checking for dlfcn.h
configure:7759: x86_64-w64-mingw32-gcc -c -g -O2 -I/home/developer/win32/include conftest.c >&5
conftest.c:55:19: fatal error: dlfcn.h: No such file or directory
compilation terminated.
configure:7759: $? = 1
configure: failed program was:
| /* confdefs.h */
| #define PACKAGE_NAME "jansson"
| #define PACKAGE_TARNAME "jansson"
| #define PACKAGE_VERSION "2.5"
| #define PACKAGE_STRING "jansson 2.5"
| #define PACKAGE_BUGREPORT "petri@digip.org"
| #define PACKAGE_URL ""
| #define PACKAGE "jansson"
| #define VERSION "2.5"
| #define STDC_HEADERS 1
| #define HAVE_SYS_TYPES_H 1
| #define HAVE_SYS_STAT_H 1
| #define HAVE_STDLIB_H 1
| #define HAVE_STRING_H 1
| #define HAVE_MEMORY_H 1
| #define HAVE_STRINGS_H 1
| #define HAVE_INTTYPES_H 1
| #define HAVE_STDINT_H 1
| #define HAVE_UNISTD_H 1
| /* end confdefs.h.  */
| #include <stdio.h>
| #ifdef HAVE_SYS_TYPES_H
| # include <sys/types.h>
| #endif
| #ifdef HAVE_SYS_STAT_H
| # include <sys/stat.h>
| #endif
| #ifdef STDC_HEADERS
| # include <stdlib.h>
| # include <stddef.h>
| #else
| # ifdef HAVE_STDLIB_H
| #  include <stdlib.h>
| # endif
| #endif
| #ifdef HAVE_STRING_H
| # if !defined STDC_HEADERS && defined HAVE_MEMORY_H
| #  include <memory.h>
| # endif
| # include <string.h>
| #endif
| #ifdef HAVE_STRINGS_H
| # include <strings.h>
| #endif
| #ifdef HAVE_INTTYPES_H
| # include <inttypes.h>
| #endif
| #ifdef HAVE_STDINT_H
| # include <stdint.h>
| #endif
| #ifdef HAVE_UNISTD_H
| # include <unistd.h>
| #endif
| 
| #include <dlfcn.h>
configure:7759: result: no
configure:8015: checking for objdir
configure:8030: result: .libs
configure:8294: checking if x86_64-w64-mingw32-gcc supports -fno-rtti -fno-exceptions
configure:8312: x86_64-w64-mingw32-gcc -c -g -O2 -I/home/developer/win32/include -fno-rtti -fno-exceptions conftest.c >&5
cc1: warning: command line option '-fno-rtti' is valid for C++/ObjC++ but not for C
configure:8316: $? = 0
configure:8329: result: no
configure:8687: checking for x86_64-w64-mingw32-gcc option to produce PIC
configure:8694: result: -DDLL_EXPORT -DPIC
configure:8702: checking if x86_64-w64-mingw32-gcc PIC flag -DDLL_EXPORT -DPIC works
configure:8720: x86_64-w64-mingw32-gcc -c -g -O2 -I/home/developer/win32/include -DDLL_EXPORT -DPIC -DPIC conftest.c >&5
configure:8724: $? = 0
configure:8737: result: yes
configure:8766: checking if x86_64-w64-mingw32-gcc static flag -static works
configure:8794: result: yes
configure:8809: checking if x86_64-w64-mingw32-gcc supports -c -o file.o
configure:8830: x86_64-w64-mingw32-gcc -c -g -O2 -I/home/developer/win32/include -o out/conftest2.o conftest.c >&5
configure:8834: $? = 0
configure:8856: result: yes
configure:8864: checking if x86_64-w64-mingw32-gcc supports -c -o file.o
configure:8911: result: yes
configure:8944: checking whether the x86_64-w64-mingw32-gcc linker (/usr/bin/x86_64-w64-mingw32-ld) supports shared libraries
configure:10207: result: yes
configure:10244: checking whether -lc should be explicitly linked in
configure:10252: x86_64-w64-mingw32-gcc -c -g -O2 -I/home/developer/win32/include conftest.c >&5
configure:10255: $? = 0
configure:10270: x86_64-w64-mingw32-gcc -shared conftest.o  -v -o ./conftest -Wl,--enable-auto-image-base -Xlinker --out-implib -Xlinker conftest 2\>\&1 \| /bin/grep  -lc  \>/dev/null 2\>\&1
configure:10273: $? = 1
configure:10287: result: yes
configure:10447: checking dynamic linker characteristics
configure:11277: result: Win32 ld.exe
configure:11399: checking how to hardcode library paths into programs
configure:11424: result: immediate
configure:11972: checking whether stripping libraries is possible
configure:11977: result: yes
configure:12012: checking if libtool supports shared libraries
configure:12014: result: yes
configure:12017: checking whether to build shared libraries
configure:12042: result: yes
configure:12045: checking whether to build static libraries
configure:12049: result: yes
configure:12100: checking locale.h usability
configure:12100: x86_64-w64-mingw32-gcc -c -g -O2 -I/home/developer/win32/include conftest.c >&5
configure:12100: $? = 0
configure:12100: result: yes
configure:12100: checking locale.h presence
configure:12100: x86_64-w64-mingw32-gcc -E -I/home/developer/win32/include conftest.c
configure:12100: $? = 0
configure:12100: result: yes
configure:12100: checking for locale.h
configure:12100: result: yes
configure:12112: checking for int32_t
configure:12112: x86_64-w64-mingw32-gcc -c -g -O2 -I/home/developer/win32/include conftest.c >&5
configure:12112: $? = 0
configure:12112: x86_64-w64-mingw32-gcc -c -g -O2 -I/home/developer/win32/include conftest.c >&5
conftest.c: In function 'main':
conftest.c:61:53: warning: integer overflow in expression [-Woverflow]
    < (int32_t) (((((int32_t) 1 << N) << N) - 1) * 2 + 2))];
                                                     ^
conftest.c:60:12: error: storage size of 'test_array' isn't constant
 static int test_array [1 - 2 * !((int32_t) (((((int32_t) 1 << N) << N) - 1) * 2 + 1)
            ^
configure:12112: $? = 1
configure: failed program was:
| /* confdefs.h */
| #define PACKAGE_NAME "jansson"
| #define PACKAGE_TARNAME "jansson"
| #define PACKAGE_VERSION "2.5"
| #define PACKAGE_STRING "jansson 2.5"
| #define PACKAGE_BUGREPORT "petri@digip.org"
| #define PACKAGE_URL ""
| #define PACKAGE "jansson"
| #define VERSION "2.5"
| #define STDC_HEADERS 1
| #define HAVE_SYS_TYPES_H 1
| #define HAVE_SYS_STAT_H 1
| #define HAVE_STDLIB_H 1
| #define HAVE_STRING_H 1
| #define HAVE_MEMORY_H 1
| #define HAVE_STRINGS_H 1
| #define HAVE_INTTYPES_H 1
| #define HAVE_STDINT_H 1
| #define HAVE_UNISTD_H 1
| #define LT_OBJDIR ".libs/"
| #define HAVE_LOCALE_H 1
| /* end confdefs.h.  */
| #include <stdio.h>
| #ifdef HAVE_SYS_TYPES_H
| # include <sys/types.h>
| #endif
| #ifdef HAVE_SYS_STAT_H
| # include <sys/stat.h>
| #endif
| #ifdef STDC_HEADERS
| # include <stdlib.h>
| # include <stddef.h>
| #else
| # ifdef HAVE_STDLIB_H
| #  include <stdlib.h>
| # endif
| #endif
| #ifdef HAVE_STRING_H
| # if !defined STDC_HEADERS && defined HAVE_MEMORY_H
| #  include <memory.h>
| # endif
| # include <string.h>
| #endif
| #ifdef HAVE_STRINGS_H
| # include <strings.h>
| #endif
| #ifdef HAVE_INTTYPES_H
| # include <inttypes.h>
| #endif
| #ifdef HAVE_STDINT_H
| # include <stdint.h>
| #endif
| #ifdef HAVE_UNISTD_H
| # include <unistd.h>
| #endif
| 	        enum { N = 32 / 2 - 1 };
| int
| main ()
| {
| static int test_array [1 - 2 * !((int32_t) (((((int32_t) 1 << N) << N) - 1) * 2 + 1)
| 		 < (int32_t) (((((int32_t) 1 << N) << N) - 1) * 2 + 2))];
| test_array [0] = 0;
| return test_array [0];
| 
|   ;
|   return 0;
| }
configure:12112: result: yes
configure:12124: checking for unsigned long long int
configure:12163: x86_64-w64-mingw32-gcc -o conftest.exe -g -O2 -I/home/developer/win32/include -L/home/developer/win32/lib -lcurl conftest.c  >&5
configure:12163: $? = 0
configure:12172: result: yes
configure:12182: checking for long long int
configure:12232: result: yes
configure:12241: checking for inline
configure:12257: x86_64-w64-mingw32-gcc -c -g -O2 -I/home/developer/win32/include conftest.c >&5
configure:12257: $? = 0
configure:12265: result: inline
configure:12294: checking for strtoll
configure:12294: x86_64-w64-mingw32-gcc -o conftest.exe -g -O2 -I/home/developer/win32/include -L/home/developer/win32/lib -lcurl conftest.c  >&5
configure:12294: $? = 0
configure:12294: result: yes
configure:12294: checking for localeconv
configure:12294: x86_64-w64-mingw32-gcc -o conftest.exe -g -O2 -I/home/developer/win32/include -L/home/developer/win32/lib -lcurl conftest.c  >&5
configure:12294: $? = 0
configure:12294: result: yes
configure:12427: checking that generated files are newer than configure
configure:12433: result: done
configure:12460: creating ./config.status

## ---------------------- ##
## Running config.status. ##
## ---------------------- ##

This file was extended by jansson config.status 2.5, which was
generated by GNU Autoconf 2.69.  Invocation command line was

  CONFIG_FILES    = 
  CONFIG_HEADERS  = 
  CONFIG_LINKS    = 
  CONFIG_COMMANDS = 
  $ ./config.status 

on ubuntu

config.status:1109: creating jansson.pc
config.status:1109: creating Makefile
config.status:1109: creating src/Makefile
config.status:1109: creating src/jansson_config.h
config.status:1109: creating config.h
config.status:1338: executing depfiles commands
config.status:1338: executing libtool commands

## ---------------- ##
## Cache variables. ##
## ---------------- ##

ac_cv_build=x86_64-pc-linux-gnu
ac_cv_c_compiler_gnu=yes
ac_cv_c_inline=inline
ac_cv_c_int32_t=yes
ac_cv_env_CC_set=
ac_cv_env_CC_value=
ac_cv_env_CFLAGS_set=
ac_cv_env_CFLAGS_value=
ac_cv_env_CPPFLAGS_set=set
ac_cv_env_CPPFLAGS_value=-I/home/developer/win32/include
ac_cv_env_CPP_set=
ac_cv_env_CPP_value=
ac_cv_env_LDFLAGS_set=set
ac_cv_env_LDFLAGS_value='-L/home/developer/win32/lib -lcurl'
ac_cv_env_LIBS_set=
ac_cv_env_LIBS_value=
ac_cv_env_LT_SYS_LIBRARY_PATH_set=
ac_cv_env_LT_SYS_LIBRARY_PATH_value=
ac_cv_env_build_alias_set=
ac_cv_env_build_alias_value=
ac_cv_env_host_alias_set=set
ac_cv_env_host_alias_value=x86_64-w64-mingw32
ac_cv_env_target_alias_set=
ac_cv_env_target_alias_value=
ac_cv_exeext=.exe
ac_cv_func_localeconv=yes
ac_cv_func_strtoll=yes
ac_cv_header_dlfcn_h=no
ac_cv_header_inttypes_h=yes
ac_cv_header_locale_h=yes
ac_cv_header_memory_h=yes
ac_cv_header_stdc=yes
ac_cv_header_stdint_h=yes
ac_cv_header_stdlib_h=yes
ac_cv_header_string_h=yes
ac_cv_header_strings_h=yes
ac_cv_header_sys_stat_h=yes
ac_cv_header_sys_types_h=yes
ac_cv_header_unistd_h=yes
ac_cv_host=x86_64-w64-mingw32
ac_cv_objext=o
ac_cv_path_EGREP='/bin/grep -E'
ac_cv_path_FGREP='/bin/grep -F'
ac_cv_path_GREP=/bin/grep
ac_cv_path_SED=/bin/sed
ac_cv_path_install='/usr/bin/install -c'
ac_cv_path_lt_DD=/bin/dd
ac_cv_path_mkdir=/bin/mkdir
ac_cv_prog_AR=x86_64-w64-mingw32-ar
ac_cv_prog_AWK=gawk
ac_cv_prog_CC=x86_64-w64-mingw32-gcc
ac_cv_prog_CPP='x86_64-w64-mingw32-gcc -E'
ac_cv_prog_DLLTOOL=x86_64-w64-mingw32-dlltool
ac_cv_prog_OBJDUMP=x86_64-w64-mingw32-objdump
ac_cv_prog_RANLIB=x86_64-w64-mingw32-ranlib
ac_cv_prog_STRIP=x86_64-w64-mingw32-strip
ac_cv_prog_ac_ct_MANIFEST_TOOL=mt
ac_cv_prog_cc_c89=
ac_cv_prog_cc_g=yes
ac_cv_prog_make_make_set=yes
ac_cv_type_long_long_int=yes
ac_cv_type_unsigned_long_long_int=yes
am_cv_CC_dependencies_compiler_type=gcc3
am_cv_make_support_nested_variables=yes
am_cv_prog_cc_c_o=yes
lt_cv_ar_at_file=@
lt_cv_archive_cmds_need_lc=yes
lt_cv_deplibs_check_method='file_magic ^x86 archive import|^x86 DLL'
lt_cv_file_magic_cmd=func_win32_libid
lt_cv_file_magic_test_file=
lt_cv_ld_reload_flag=-r
lt_cv_nm_interface='BSD nm'
lt_cv_objdir=.libs
lt_cv_path_LD=/usr/bin/x86_64-w64-mingw32-ld
lt_cv_path_NM='/usr/bin/x86_64-w64-mingw32-nm -B'
lt_cv_path_mainfest_tool=no
lt_cv_prog_compiler_c_o=yes
lt_cv_prog_compiler_pic='-DDLL_EXPORT -DPIC'
lt_cv_prog_compiler_pic_works=yes
lt_cv_prog_compiler_rtti_exceptions=no
lt_cv_prog_compiler_static_works=yes
lt_cv_prog_gnu_ld=yes
lt_cv_sharedlib_from_linklib_cmd=func_cygming_dll_for_implib
lt_cv_sys_global_symbol_pipe='sed -n -e '\''s/^.*[	 ]\([ABCDGIRSTW][ABCDGIRSTW]*\)[	 ][	 ]*\([_A-Za-z][_A-Za-z0-9]*\)$/\1 \2 \2/p'\'' | sed '\''/ __gnu_lto/d'\'''
lt_cv_sys_global_symbol_to_c_name_address='sed -n -e '\''s/^: \(.*\) .*$/  {"\1", (void *) 0},/p'\'' -e '\''s/^[ABCDGIRSTW][ABCDGIRSTW]* .* \(.*\)$/  {"\1", (void *) \&\1},/p'\'''
lt_cv_sys_global_symbol_to_c_name_address_lib_prefix='sed -n -e '\''s/^: \(.*\) .*$/  {"\1", (void *) 0},/p'\'' -e '\''s/^[ABCDGIRSTW][ABCDGIRSTW]* .* \(lib.*\)$/  {"\1", (void *) \&\1},/p'\'' -e '\''s/^[ABCDGIRSTW][ABCDGIRSTW]* .* \(.*\)$/  {"lib\1", (void *) \&\1},/p'\'''
lt_cv_sys_global_symbol_to_cdecl='sed -n -e '\''s/^T .* \(.*\)$/extern int \1();/p'\'' -e '\''s/^[ABCDGIRSTW][ABCDGIRSTW]* .* \(.*\)$/extern char \1;/p'\'''
lt_cv_sys_global_symbol_to_import=
lt_cv_sys_max_cmd_len=1572864
lt_cv_to_host_file_cmd=func_convert_file_nix_to_w32
lt_cv_to_tool_file_cmd=func_convert_file_noop
lt_cv_truncate_bin='/bin/dd bs=4096 count=1'

## ----------------- ##
## Output variables. ##
## ----------------- ##

ACLOCAL='${SHELL} /home/developer/sph-sgminer_x11mod/compat/jansson-2.5/missing aclocal-1.15'
AMDEPBACKSLASH='\'
AMDEP_FALSE='#'
AMDEP_TRUE=''
AMTAR='$${TAR-tar}'
AM_BACKSLASH='\'
AM_DEFAULT_V='$(AM_DEFAULT_VERBOSITY)'
AM_DEFAULT_VERBOSITY='0'
AM_V='$(V)'
AR='x86_64-w64-mingw32-ar'
AUTOCONF='${SHELL} /home/developer/sph-sgminer_x11mod/compat/jansson-2.5/missing autoconf'
AUTOHEADER='${SHELL} /home/developer/sph-sgminer_x11mod/compat/jansson-2.5/missing autoheader'
AUTOMAKE='${SHELL} /home/developer/sph-sgminer_x11mod/compat/jansson-2.5/missing automake-1.15'
AWK='gawk'
CC='x86_64-w64-mingw32-gcc'
CCDEPMODE='depmode=gcc3'
CFLAGS='-g -O2'
CPP='x86_64-w64-mingw32-gcc -E'
CPPFLAGS='-I/home/developer/win32/include'
CYGPATH_W='echo'
DEFS='-DHAVE_CONFIG_H'
DEPDIR='.deps'
DLLTOOL='x86_64-w64-mingw32-dlltool'
DSYMUTIL=''
DUMPBIN=''
ECHO_C=''
ECHO_N='-n'
ECHO_T=''
EGREP='/bin/grep -E'
EXEEXT='.exe'
FGREP='/bin/grep -F'
GCC_FALSE='#'
GCC_TRUE=''
GREP='/bin/grep'
INSTALL_DATA='${INSTALL} -m 644'
INSTALL_PROGRAM='${INSTALL}'
INSTALL_SCRIPT='${INSTALL}'
INSTALL_STRIP_PROGRAM='$(install_sh) -c -s'
LD='/usr/bin/x86_64-w64-mingw32-ld'
LDFLAGS='-L/home/developer/win32/lib -lcurl'
LIBOBJS=''
LIBS=''
LIBTOOL='$(SHELL) $(top_builddir)/libtool'
LIPO=''
LN_S='ln -s'
LTLIBOBJS=''
LT_SYS_LIBRARY_PATH=''
MAKEINFO='${SHELL} /home/developer/sph-sgminer_x11mod/compat/jansson-2.5/missing makeinfo'
MANIFEST_TOOL=':'
MKDIR_P='/bin/mkdir -p'
NM='/usr/bin/x86_64-w64-mingw32-nm -B'
NMEDIT=''
OBJDUMP='x86_64-w64-mingw32-objdump'
OBJEXT='o'
OTOOL64=''
OTOOL=''
PACKAGE='jansson'
PACKAGE_BUGREPORT='petri@digip.org'
PACKAGE_NAME='jansson'
PACKAGE_STRING='jansson 2.5'
PACKAGE_TARNAME='jansson'
PACKAGE_URL=''
PACKAGE_VERSION='2.5'
PATH_SEPARATOR=':'
RANLIB='x86_64-w64-mingw32-ranlib'
SED='/bin/sed'
SET_MAKE=''
SHELL='/bin/bash'
STRIP='x86_64-w64-mingw32-strip'
VERSION='2.5'
ac_ct_AR=''
ac_ct_CC=''
ac_ct_DUMPBIN=''
am__EXEEXT_FALSE='#'
am__EXEEXT_TRUE=''
am__fastdepCC_FALSE='#'
am__fastdepCC_TRUE=''
am__include='include'
am__isrc=''
am__leading_dot='.'
am__nodep='_no'
am__quote=''
am__tar='$${TAR-tar} chof - "$$tardir"'
am__untar='$${TAR-tar} xf -'
bindir='${exec_prefix}/bin'
build='x86_64-pc-linux-gnu'
build_alias=''
build_cpu='x86_64'
build_os='linux-gnu'
build_vendor='pc'
datadir='${datarootdir}'
datarootdir='${prefix}/share'
docdir='${datarootdir}/doc/${PACKAGE_TARNAME}'
dvidir='${docdir}'
exec_prefix='${prefix}'
host='x86_64-w64-mingw32'
host_alias='x86_64-w64-mingw32'
host_cpu='x86_64'
host_os='mingw32'
host_vendor='w64'
htmldir='${docdir}'
includedir='${prefix}/include'
infodir='${datarootdir}/info'
install_sh='${SHELL} /home/developer/sph-sgminer_x11mod/compat/jansson-2.5/install-sh'
json_have_localeconv='1'
json_have_long_long='1'
json_inline='inline'
libdir='${exec_prefix}/lib'
libexecdir='${exec_prefix}/libexec'
localedir='${datarootdir}/locale'
localstatedir='${prefix}/var'
mandir='${datarootdir}/man'
mkdir_p='$(MKDIR_P)'
oldincludedir='/usr/include'
pdfdir='${docdir}'
prefix='/usr/x86_64-w64-mingw32'
program_transform_name='s,x,x,'
psdir='${docdir}'
runstatedir='${localstatedir}/run'
sbindir='${exec_prefix}/sbin'
sharedstatedir='${prefix}/com'
sysconfdir='${prefix}/etc'
target_alias=''

## ----------- ##
## confdefs.h. ##
## ----------- ##

/* confdefs.h */
#define PACKAGE_NAME "jansson"
#define PACKAGE_TARNAME "jansson"
#define PACKAGE_VERSION "2.5"
#define PACKAGE_STRING "jansson 2.5"
#define PACKAGE_BUGREPORT "petri@digip.org"
#define PACKAGE_URL ""
#define PACKAGE "jansson"
#define VERSION "2.5"
#define STDC_HEADERS 1
#define HAVE_SYS_TYPES_H 1
#define HAVE_SYS_STAT_H 1
#define HAVE_STDLIB_H 1
#define HAVE_STRING_H 1
#define HAVE_MEMORY_H 1
#define HAVE_STRINGS_H 1
#define HAVE_INTTYPES_H 1
#define HAVE_STDINT_H 1
#define HAVE_UNISTD_H 1
#define LT_OBJDIR ".libs/"
#define HAVE_LOCALE_H 1
#define HAVE_UNSIGNED_LONG_LONG_INT 1
#define HAVE_LONG_LONG_INT 1
#define HAVE_STRTOLL 1
#define HAVE_LOCALECONV 1

configure: exit 0
